# JRE version: OpenJDK Runtime Environment (11.0.10) (build 11.0.10+0-b96-7249189)
# Java VM: OpenJDK 64-Bit Server VM (11.0.10+0-b96-7249189, mixed mode, tiered, compressed oops, g1 gc, windows-amd64)
Heap:
 garbage-first heap   total 118784K, used 86021K [0x0000000080000000, 0x0000000100000000)
  region size 1024K, 11 young (11264K), 2 survivors (2048K)
 Metaspace       used 85274K, capacity 87310K, committed 87628K, reserved 1124352K
  class space    used 11022K, capacity 11764K, committed 11852K, reserved 1048576K
GC Heap History (20 events):
Event: 18.903 GC heap before
{Heap before GC invocations=27 (full 0):
 garbage-first heap   total 98304K, used 81808K [0x0000000080000000, 0x0000000100000000)
  region size 1024K, 19 young (19456K), 2 survivors (2048K)
 Metaspace       used 72881K, capacity 74458K, committed 74572K, reserved 1114112K
  class space    used 9339K, capacity 9961K, committed 10060K, reserved 1048576K
}
Event: 18.908 GC heap after
{Heap after GC invocations=28 (full 0):
 garbage-first heap   total 98304K, used 65608K [0x0000000080000000, 0x0000000100000000)
  region size 1024K, 3 young (3072K), 3 survivors (3072K)
 Metaspace       used 72881K, capacity 74458K, committed 74572K, reserved 1114112K
  class space    used 9339K, capacity 9961K, committed 10060K, reserved 1048576K
}
Event: 19.046 GC heap before
{Heap before GC invocations=29 (full 0):
 garbage-first heap   total 98304K, used 83016K [0x0000000080000000, 0x0000000100000000)
  region size 1024K, 20 young (20480K), 3 survivors (3072K)
 Metaspace       used 73070K, capacity 74727K, committed 74828K, reserved 1114112K
  class space    used 9367K, capacity 9965K, committed 10060K, reserved 1048576K
}
Event: 19.051 GC heap after
{Heap after GC invocations=30 (full 0):
 garbage-first heap   total 98304K, used 66867K [0x0000000080000000, 0x0000000100000000)
  region size 1024K, 3 young (3072K), 3 survivors (3072K)
 Metaspace       used 73070K, capacity 74727K, committed 74828K, reserved 1114112K
  class space    used 9367K, capacity 9965K, committed 10060K, reserved 1048576K
}
Event: 19.269 GC heap before
{Heap before GC invocations=30 (full 0):
 garbage-first heap   total 98304K, used 83251K [0x0000000080000000, 0x0000000100000000)
  region size 1024K, 19 young (19456K), 3 survivors (3072K)
 Metaspace       used 73603K, capacity 75285K, committed 75468K, reserved 1114112K
  class space    used 9447K, capacity 10087K, committed 10188K, reserved 1048576K
}
Event: 19.275 GC heap after
{Heap after GC invocations=31 (full 0):
 garbage-first heap   total 98304K, used 68017K [0x0000000080000000, 0x0000000100000000)
  region size 1024K, 3 young (3072K), 3 survivors (3072K)
 Metaspace       used 73603K, capacity 75285K, committed 75468K, reserved 1114112K
  class space    used 9447K, capacity 10087K, committed 10188K, reserved 1048576K
}
Event: 19.960 GC heap before
{Heap before GC invocations=32 (full 0):
 garbage-first heap   total 98304K, used 83377K [0x0000000080000000, 0x0000000100000000)
  region size 1024K, 18 young (18432K), 3 survivors (3072K)
 Metaspace       used 74867K, capacity 76603K, committed 76876K, reserved 1116160K
  class space    used 9627K, capacity 10288K, committed 10316K, reserved 1048576K
}
Event: 19.965 GC heap after
{Heap after GC invocations=33 (full 0):
 garbage-first heap   total 98304K, used 69211K [0x0000000080000000, 0x0000000100000000)
  region size 1024K, 3 young (3072K), 3 survivors (3072K)
 Metaspace       used 74867K, capacity 76603K, committed 76876K, reserved 1116160K
  class space    used 9627K, capacity 10288K, committed 10316K, reserved 1048576K
}
Event: 20.525 GC heap before
{Heap before GC invocations=33 (full 0):
 garbage-first heap   total 98304K, used 83547K [0x0000000080000000, 0x0000000100000000)
  region size 1024K, 17 young (17408K), 3 survivors (3072K)
 Metaspace       used 75880K, capacity 77635K, committed 77772K, reserved 1116160K
  class space    used 9774K, capacity 10411K, committed 10444K, reserved 1048576K
}
Event: 20.534 GC heap after
{Heap after GC invocations=34 (full 0):
 garbage-first heap   total 98304K, used 70277K [0x0000000080000000, 0x0000000100000000)
  region size 1024K, 3 young (3072K), 3 survivors (3072K)
 Metaspace       used 75880K, capacity 77635K, committed 77772K, reserved 1116160K
  class space    used 9774K, capacity 10411K, committed 10444K, reserved 1048576K
}
Event: 22.058 GC heap before
{Heap before GC invocations=35 (full 0):
 garbage-first heap   total 98304K, used 83589K [0x0000000080000000, 0x0000000100000000)
  region size 1024K, 16 young (16384K), 3 survivors (3072K)
 Metaspace       used 77208K, capacity 79015K, committed 79308K, reserved 1118208K
  class space    used 9956K, capacity 10615K, committed 10700K, reserved 1048576K
}
Event: 22.065 GC heap after
{Heap after GC invocations=36 (full 0):
 garbage-first heap   total 98304K, used 71135K [0x0000000080000000, 0x0000000100000000)
  region size 1024K, 2 young (2048K), 2 survivors (2048K)
 Metaspace       used 77208K, capacity 79015K, committed 79308K, reserved 1118208K
  class space    used 9956K, capacity 10615K, committed 10700K, reserved 1048576K
}
Event: 22.779 GC heap before
{Heap before GC invocations=36 (full 0):
 garbage-first heap   total 98304K, used 84447K [0x0000000080000000, 0x0000000100000000)
  region size 1024K, 15 young (15360K), 2 survivors (2048K)
 Metaspace       used 78608K, capacity 80387K, committed 80588K, reserved 1118208K
  class space    used 10190K, capacity 10852K, committed 10956K, reserved 1048576K
}
Event: 22.785 GC heap after
{Heap after GC invocations=37 (full 0):
 garbage-first heap   total 118784K, used 71774K [0x0000000080000000, 0x0000000100000000)
  region size 1024K, 2 young (2048K), 2 survivors (2048K)
 Metaspace       used 78608K, capacity 80387K, committed 80588K, reserved 1118208K
  class space    used 10190K, capacity 10852K, committed 10956K, reserved 1048576K
}
Event: 25.174 GC heap before
{Heap before GC invocations=38 (full 0):
 garbage-first heap   total 118784K, used 94302K [0x0000000080000000, 0x0000000100000000)
  region size 1024K, 24 young (24576K), 2 survivors (2048K)
 Metaspace       used 81303K, capacity 83078K, committed 83148K, reserved 1122304K
  class space    used 10503K, capacity 11186K, committed 11212K, reserved 1048576K
}
Event: 25.180 GC heap after
{Heap after GC invocations=39 (full 0):
 garbage-first heap   total 118784K, used 73530K [0x0000000080000000, 0x0000000100000000)
  region size 1024K, 3 young (3072K), 3 survivors (3072K)
 Metaspace       used 81303K, capacity 83078K, committed 83148K, reserved 1122304K
  class space    used 10503K, capacity 11186K, committed 11212K, reserved 1048576K
}
Event: 27.066 GC heap before
{Heap before GC invocations=39 (full 0):
 garbage-first heap   total 118784K, used 95034K [0x0000000080000000, 0x0000000100000000)
  region size 1024K, 25 young (25600K), 3 survivors (3072K)
 Metaspace       used 83081K, capacity 84944K, committed 85196K, reserved 1122304K
  class space    used 10652K, capacity 11335K, committed 11468K, reserved 1048576K
}
Event: 27.077 GC heap after
{Heap after GC invocations=40 (full 0):
 garbage-first heap   total 118784K, used 76926K [0x0000000080000000, 0x0000000100000000)
  region size 1024K, 4 young (4096K), 4 survivors (4096K)
 Metaspace       used 83081K, capacity 84944K, committed 85196K, reserved 1122304K
  class space    used 10652K, capacity 11335K, committed 11468K, reserved 1048576K
}
Event: 29.008 GC heap before
{Heap before GC invocations=41 (full 0):
 garbage-first heap   total 118784K, used 96382K [0x0000000080000000, 0x0000000100000000)
  region size 1024K, 23 young (23552K), 4 survivors (4096K)
 Metaspace       used 84778K, capacity 86795K, committed 86988K, reserved 1124352K
  class space    used 10937K, capacity 11680K, committed 11724K, reserved 1048576K
}
Event: 29.016 GC heap after
{Heap after GC invocations=42 (full 0):
 garbage-first heap   total 118784K, used 78853K [0x0000000080000000, 0x0000000100000000)
  region size 1024K, 2 young (2048K), 2 survivors (2048K)
 Metaspace       used 84778K, capacity 86795K, committed 86988K, reserved 1124352K
  class space    used 10937K, capacity 11680K, committed 11724K, reserved 1048576K
}

