# JRE version: OpenJDK Runtime Environment (11.0.10) (build 11.0.10+0-b96-7249189)
# Java VM: OpenJDK 64-Bit Server VM (11.0.10+0-b96-7249189, mixed mode, tiered, compressed oops, g1 gc, windows-amd64)
Heap:
 garbage-first heap   total 98304K, used 36380K [0x0000000080000000, 0x0000000100000000)
  region size 1024K, 11 young (11264K), 4 survivors (4096K)
 Metaspace       used 45718K, capacity 46881K, committed 47104K, reserved 1089536K
  class space    used 5876K, capacity 6301K, committed 6400K, reserved 1048576K
GC Heap History (18 events):
Event: 1.591 GC heap before
{Heap before GC invocations=0 (full 0):
 garbage-first heap   total 98304K, used 29696K [0x0000000080000000, 0x0000000100000000)
  region size 1024K, 24 young (24576K), 0 survivors (0K)
 Metaspace       used 10199K, capacity 10427K, committed 10624K, reserved 1058816K
  class space    used 1066K, capacity 1141K, committed 1152K, reserved 1048576K
}
Event: 1.603 GC heap after
{Heap after GC invocations=1 (full 0):
 garbage-first heap   total 98304K, used 9679K [0x0000000080000000, 0x0000000100000000)
  region size 1024K, 3 young (3072K), 3 survivors (3072K)
 Metaspace       used 10199K, capacity 10427K, committed 10624K, reserved 1058816K
  class space    used 1066K, capacity 1141K, committed 1152K, reserved 1048576K
}
Event: 3.086 GC heap before
{Heap before GC invocations=1 (full 0):
 garbage-first heap   total 98304K, used 64975K [0x0000000080000000, 0x0000000100000000)
  region size 1024K, 57 young (58368K), 3 survivors (3072K)
 Metaspace       used 13869K, capacity 14231K, committed 14592K, reserved 1062912K
  class space    used 1554K, capacity 1686K, committed 1792K, reserved 1048576K
}
Event: 3.095 GC heap after
{Heap after GC invocations=2 (full 0):
 garbage-first heap   total 98304K, used 15160K [0x0000000080000000, 0x0000000100000000)
  region size 1024K, 8 young (8192K), 8 survivors (8192K)
 Metaspace       used 13869K, capacity 14231K, committed 14592K, reserved 1062912K
  class space    used 1554K, capacity 1686K, committed 1792K, reserved 1048576K
}
Event: 5.200 GC heap before
{Heap before GC invocations=2 (full 0):
 garbage-first heap   total 98304K, used 55096K [0x0000000080000000, 0x0000000100000000)
  region size 1024K, 48 young (49152K), 8 survivors (8192K)
 Metaspace       used 20541K, capacity 21092K, committed 21248K, reserved 1067008K
  class space    used 2509K, capacity 2690K, committed 2816K, reserved 1048576K
}
Event: 5.213 GC heap after
{Heap after GC invocations=3 (full 0):
 garbage-first heap   total 98304K, used 17325K [0x0000000080000000, 0x0000000100000000)
  region size 1024K, 2 young (2048K), 2 survivors (2048K)
 Metaspace       used 20541K, capacity 21092K, committed 21248K, reserved 1067008K
  class space    used 2509K, capacity 2690K, committed 2816K, reserved 1048576K
}
Event: 6.099 GC heap before
{Heap before GC invocations=4 (full 0):
 garbage-first heap   total 98304K, used 62381K [0x0000000080000000, 0x0000000100000000)
  region size 1024K, 46 young (47104K), 2 survivors (2048K)
 Metaspace       used 25211K, capacity 25839K, committed 26112K, reserved 1071104K
  class space    used 3280K, capacity 3489K, committed 3584K, reserved 1048576K
}
Event: 6.103 GC heap after
{Heap after GC invocations=5 (full 0):
 garbage-first heap   total 98304K, used 18926K [0x0000000080000000, 0x0000000100000000)
  region size 1024K, 4 young (4096K), 4 survivors (4096K)
 Metaspace       used 25211K, capacity 25839K, committed 26112K, reserved 1071104K
  class space    used 3280K, capacity 3489K, committed 3584K, reserved 1048576K
}
Event: 7.300 GC heap before
{Heap before GC invocations=5 (full 0):
 garbage-first heap   total 98304K, used 66030K [0x0000000080000000, 0x0000000100000000)
  region size 1024K, 50 young (51200K), 4 survivors (4096K)
 Metaspace       used 29776K, capacity 30519K, committed 30720K, reserved 1075200K
  class space    used 4002K, capacity 4242K, committed 4352K, reserved 1048576K
}
Event: 7.305 GC heap after
{Heap after GC invocations=6 (full 0):
 garbage-first heap   total 98304K, used 20224K [0x0000000080000000, 0x0000000100000000)
  region size 1024K, 5 young (5120K), 5 survivors (5120K)
 Metaspace       used 29776K, capacity 30519K, committed 30720K, reserved 1075200K
  class space    used 4002K, capacity 4242K, committed 4352K, reserved 1048576K
}
Event: 8.291 GC heap before
{Heap before GC invocations=6 (full 0):
 garbage-first heap   total 98304K, used 36608K [0x0000000080000000, 0x0000000100000000)
  region size 1024K, 23 young (23552K), 5 survivors (5120K)
 Metaspace       used 35017K, capacity 35826K, committed 35840K, reserved 1081344K
  class space    used 4537K, capacity 4864K, committed 4864K, reserved 1048576K
}
Event: 8.303 GC heap after
{Heap after GC invocations=7 (full 0):
 garbage-first heap   total 98304K, used 22648K [0x0000000080000000, 0x0000000100000000)
  region size 1024K, 6 young (6144K), 6 survivors (6144K)
 Metaspace       used 35017K, capacity 35826K, committed 35840K, reserved 1081344K
  class space    used 4537K, capacity 4864K, committed 4864K, reserved 1048576K
}
Event: 9.605 GC heap before
{Heap before GC invocations=8 (full 0):
 garbage-first heap   total 98304K, used 66680K [0x0000000080000000, 0x0000000100000000)
  region size 1024K, 47 young (48128K), 6 survivors (6144K)
 Metaspace       used 38323K, capacity 39190K, committed 39296K, reserved 1083392K
  class space    used 4892K, capacity 5212K, committed 5248K, reserved 1048576K
}
Event: 9.613 GC heap after
{Heap after GC invocations=9 (full 0):
 garbage-first heap   total 98304K, used 27091K [0x0000000080000000, 0x0000000100000000)
  region size 1024K, 6 young (6144K), 6 survivors (6144K)
 Metaspace       used 38323K, capacity 39190K, committed 39296K, reserved 1083392K
  class space    used 4892K, capacity 5212K, committed 5248K, reserved 1048576K
}
Event: 10.892 GC heap before
{Heap before GC invocations=9 (full 0):
 garbage-first heap   total 98304K, used 68051K [0x0000000080000000, 0x0000000100000000)
  region size 1024K, 46 young (47104K), 6 survivors (6144K)
 Metaspace       used 41426K, capacity 42351K, committed 42624K, reserved 1085440K
  class space    used 5355K, capacity 5706K, committed 5760K, reserved 1048576K
}
Event: 10.903 GC heap after
{Heap after GC invocations=10 (full 0):
 garbage-first heap   total 98304K, used 28869K [0x0000000080000000, 0x0000000100000000)
  region size 1024K, 3 young (3072K), 3 survivors (3072K)
 Metaspace       used 41426K, capacity 42351K, committed 42624K, reserved 1085440K
  class space    used 5355K, capacity 5706K, committed 5760K, reserved 1048576K
}
Event: 12.373 GC heap before
{Heap before GC invocations=10 (full 0):
 garbage-first heap   total 98304K, used 70853K [0x0000000080000000, 0x0000000100000000)
  region size 1024K, 44 young (45056K), 3 survivors (3072K)
 Metaspace       used 45181K, capacity 46237K, committed 46464K, reserved 1089536K
  class space    used 5805K, capacity 6193K, committed 6272K, reserved 1048576K
}
Event: 12.380 GC heap after
{Heap after GC invocations=11 (full 0):
 garbage-first heap   total 98304K, used 30236K [0x0000000080000000, 0x0000000100000000)
  region size 1024K, 4 young (4096K), 4 survivors (4096K)
 Metaspace       used 45181K, capacity 46237K, committed 46464K, reserved 1089536K
  class space    used 5805K, capacity 6193K, committed 6272K, reserved 1048576K
}

