# JRE version: OpenJDK Runtime Environment (11.0.10) (build 11.0.10+0-b96-7249189)
# Java VM: OpenJDK 64-Bit Server VM (11.0.10+0-b96-7249189, mixed mode, tiered, compressed oops, g1 gc, windows-amd64)
Heap:
 garbage-first heap   total 398336K, used 303703K [0x0000000080000000, 0x0000000100000000)
  region size 1024K, 74 young (75776K), 11 survivors (11264K)
 Metaspace       used 109339K, capacity 111930K, committed 112204K, reserved 1146880K
  class space    used 13831K, capacity 14841K, committed 14924K, reserved 1048576K
GC Heap History (20 events):
Event: 53.843 GC heap before
{Heap before GC invocations=75 (full 0):
 garbage-first heap   total 281600K, used 202943K [0x0000000080000000, 0x0000000100000000)
  region size 1024K, 77 young (78848K), 7 survivors (7168K)
 Metaspace       used 101948K, capacity 104153K, committed 104268K, reserved 1140736K
  class space    used 12709K, capacity 13540K, committed 13644K, reserved 1048576K
}
Event: 53.861 GC heap after
{Heap after GC invocations=76 (full 0):
 garbage-first heap   total 281600K, used 138585K [0x0000000080000000, 0x0000000100000000)
  region size 1024K, 13 young (13312K), 13 survivors (13312K)
 Metaspace       used 101948K, capacity 104153K, committed 104268K, reserved 1140736K
  class space    used 12709K, capacity 13540K, committed 13644K, reserved 1048576K
}
Event: 55.207 GC heap before
{Heap before GC invocations=77 (full 0):
 garbage-first heap   total 281600K, used 231769K [0x0000000080000000, 0x0000000100000000)
  region size 1024K, 93 young (95232K), 13 survivors (13312K)
 Metaspace       used 104603K, capacity 106927K, committed 107084K, reserved 1142784K
  class space    used 13237K, capacity 14129K, committed 14156K, reserved 1048576K
}
Event: 55.353 GC heap after
{Heap after GC invocations=78 (full 0):
 garbage-first heap   total 281600K, used 176462K [0x0000000080000000, 0x0000000100000000)
  region size 1024K, 12 young (12288K), 12 survivors (12288K)
 Metaspace       used 104603K, capacity 106927K, committed 107084K, reserved 1142784K
  class space    used 13237K, capacity 14129K, committed 14156K, reserved 1048576K
}
Event: 55.377 GC heap before
{Heap before GC invocations=78 (full 0):
 garbage-first heap   total 281600K, used 177486K [0x0000000080000000, 0x0000000100000000)
  region size 1024K, 13 young (13312K), 12 survivors (12288K)
 Metaspace       used 104612K, capacity 106929K, committed 107084K, reserved 1142784K
  class space    used 13237K, capacity 14129K, committed 14156K, reserved 1048576K
}
Event: 55.403 GC heap after
{Heap after GC invocations=79 (full 0):
 garbage-first heap   total 281600K, used 164864K [0x0000000080000000, 0x0000000100000000)
  region size 1024K, 2 young (2048K), 2 survivors (2048K)
 Metaspace       used 104612K, capacity 106929K, committed 107084K, reserved 1142784K
  class space    used 13237K, capacity 14129K, committed 14156K, reserved 1048576K
}
Event: 55.591 GC heap before
{Heap before GC invocations=79 (full 0):
 garbage-first heap   total 281600K, used 217088K [0x0000000080000000, 0x0000000100000000)
  region size 1024K, 53 young (54272K), 2 survivors (2048K)
 Metaspace       used 104643K, capacity 106996K, committed 107084K, reserved 1142784K
  class space    used 13237K, capacity 14129K, committed 14156K, reserved 1048576K
}
Event: 55.639 GC heap after
{Heap after GC invocations=80 (full 0):
 garbage-first heap   total 281600K, used 189772K [0x0000000080000000, 0x0000000100000000)
  region size 1024K, 7 young (7168K), 7 survivors (7168K)
 Metaspace       used 104643K, capacity 106996K, committed 107084K, reserved 1142784K
  class space    used 13237K, capacity 14129K, committed 14156K, reserved 1048576K
}
Event: 56.512 GC heap before
{Heap before GC invocations=80 (full 0):
 garbage-first heap   total 281600K, used 221516K [0x0000000080000000, 0x0000000100000000)
  region size 1024K, 40 young (40960K), 7 survivors (7168K)
 Metaspace       used 106326K, capacity 108671K, committed 108876K, reserved 1144832K
  class space    used 13471K, capacity 14358K, committed 14412K, reserved 1048576K
}
Event: 56.608 GC heap after
{Heap after GC invocations=81 (full 0):
 garbage-first heap   total 398336K, used 200704K [0x0000000080000000, 0x0000000100000000)
  region size 1024K, 5 young (5120K), 5 survivors (5120K)
 Metaspace       used 106326K, capacity 108671K, committed 108876K, reserved 1144832K
  class space    used 13471K, capacity 14358K, committed 14412K, reserved 1048576K
}
Event: 58.419 GC heap before
{Heap before GC invocations=82 (full 0):
 garbage-first heap   total 398336K, used 266240K [0x0000000080000000, 0x0000000100000000)
  region size 1024K, 70 young (71680K), 5 survivors (5120K)
 Metaspace       used 107407K, capacity 109953K, committed 110156K, reserved 1144832K
  class space    used 13627K, capacity 14607K, committed 14668K, reserved 1048576K
}
Event: 58.465 GC heap after
{Heap after GC invocations=83 (full 0):
 garbage-first heap   total 398336K, used 207362K [0x0000000080000000, 0x0000000100000000)
  region size 1024K, 12 young (12288K), 12 survivors (12288K)
 Metaspace       used 107407K, capacity 109953K, committed 110156K, reserved 1144832K
  class space    used 13627K, capacity 14607K, committed 14668K, reserved 1048576K
}
Event: 60.982 GC heap before
{Heap before GC invocations=84 (full 0):
 garbage-first heap   total 398336K, used 295426K [0x0000000080000000, 0x0000000100000000)
  region size 1024K, 93 young (95232K), 12 survivors (12288K)
 Metaspace       used 108167K, capacity 110726K, committed 111052K, reserved 1144832K
  class space    used 13709K, capacity 14711K, committed 14796K, reserved 1048576K
}
Event: 61.022 GC heap after
{Heap after GC invocations=85 (full 0):
 garbage-first heap   total 398336K, used 219912K [0x0000000080000000, 0x0000000100000000)
  region size 1024K, 9 young (9216K), 9 survivors (9216K)
 Metaspace       used 108167K, capacity 110726K, committed 111052K, reserved 1144832K
  class space    used 13709K, capacity 14711K, committed 14796K, reserved 1048576K
}
Event: 61.110 GC heap before
{Heap before GC invocations=85 (full 0):
 garbage-first heap   total 398336K, used 231176K [0x0000000080000000, 0x0000000100000000)
  region size 1024K, 19 young (19456K), 9 survivors (9216K)
 Metaspace       used 108296K, capacity 110856K, committed 111052K, reserved 1144832K
  class space    used 13723K, capacity 14711K, committed 14796K, reserved 1048576K
}
Event: 61.135 GC heap after
{Heap after GC invocations=86 (full 0):
 garbage-first heap   total 398336K, used 215946K [0x0000000080000000, 0x0000000100000000)
  region size 1024K, 3 young (3072K), 3 survivors (3072K)
 Metaspace       used 108296K, capacity 110856K, committed 111052K, reserved 1144832K
  class space    used 13723K, capacity 14711K, committed 14796K, reserved 1048576K
}
Event: 61.202 GC heap before
{Heap before GC invocations=86 (full 0):
 garbage-first heap   total 398336K, used 221066K [0x0000000080000000, 0x0000000100000000)
  region size 1024K, 10 young (10240K), 3 survivors (3072K)
 Metaspace       used 108389K, capacity 110929K, committed 111052K, reserved 1144832K
  class space    used 13737K, capacity 14713K, committed 14796K, reserved 1048576K
}
Event: 61.223 GC heap after
{Heap after GC invocations=87 (full 0):
 garbage-first heap   total 398336K, used 217757K [0x0000000080000000, 0x0000000100000000)
  region size 1024K, 5 young (5120K), 5 survivors (5120K)
 Metaspace       used 108389K, capacity 110929K, committed 111052K, reserved 1144832K
  class space    used 13737K, capacity 14713K, committed 14796K, reserved 1048576K
}
Event: 61.667 GC heap before
{Heap before GC invocations=87 (full 0):
 garbage-first heap   total 398336K, used 303773K [0x0000000080000000, 0x0000000100000000)
  region size 1024K, 84 young (86016K), 5 survivors (5120K)
 Metaspace       used 108797K, capacity 111369K, committed 111564K, reserved 1146880K
  class space    used 13769K, capacity 14751K, committed 14796K, reserved 1048576K
}
Event: 61.724 GC heap after
{Heap after GC invocations=88 (full 0):
 garbage-first heap   total 398336K, used 234071K [0x0000000080000000, 0x0000000100000000)
  region size 1024K, 11 young (11264K), 11 survivors (11264K)
 Metaspace       used 108797K, capacity 111369K, committed 111564K, reserved 1146880K
  class space    used 13769K, capacity 14751K, committed 14796K, reserved 1048576K
}

