# JRE version: OpenJDK Runtime Environment (11.0.10) (build 11.0.10+0-b96-7249189)
# Java VM: OpenJDK 64-Bit Server VM (11.0.10+0-b96-7249189, mixed mode, tiered, compressed oops, g1 gc, windows-amd64)
Heap:
 garbage-first heap   total 98304K, used 58811K [0x0000000080000000, 0x0000000100000000)
  region size 1024K, 11 young (11264K), 3 survivors (3072K)
 Metaspace       used 59530K, capacity 60936K, committed 61132K, reserved 1101824K
  class space    used 7510K, capacity 8036K, committed 8140K, reserved 1048576K
GC Heap History (20 events):
Event: 6.858 GC heap before
{Heap before GC invocations=4 (full 0):
 garbage-first heap   total 98304K, used 63393K [0x0000000080000000, 0x0000000100000000)
  region size 1024K, 47 young (48128K), 2 survivors (2048K)
 Metaspace       used 25238K, capacity 25845K, committed 26112K, reserved 1071104K
  class space    used 3283K, capacity 3490K, committed 3584K, reserved 1048576K
}
Event: 6.865 GC heap after
{Heap after GC invocations=5 (full 0):
 garbage-first heap   total 98304K, used 18658K [0x0000000080000000, 0x0000000100000000)
  region size 1024K, 4 young (4096K), 4 survivors (4096K)
 Metaspace       used 25238K, capacity 25845K, committed 26112K, reserved 1071104K
  class space    used 3283K, capacity 3490K, committed 3584K, reserved 1048576K
}
Event: 9.127 GC heap before
{Heap before GC invocations=5 (full 0):
 garbage-first heap   total 98304K, used 65762K [0x0000000080000000, 0x0000000100000000)
  region size 1024K, 50 young (51200K), 4 survivors (4096K)
 Metaspace       used 29750K, capacity 30459K, committed 30720K, reserved 1075200K
  class space    used 3996K, capacity 4242K, committed 4352K, reserved 1048576K
}
Event: 9.133 GC heap after
{Heap after GC invocations=6 (full 0):
 garbage-first heap   total 98304K, used 20094K [0x0000000080000000, 0x0000000100000000)
  region size 1024K, 5 young (5120K), 5 survivors (5120K)
 Metaspace       used 29750K, capacity 30459K, committed 30720K, reserved 1075200K
  class space    used 3996K, capacity 4242K, committed 4352K, reserved 1048576K
}
Event: 9.916 GC heap before
{Heap before GC invocations=6 (full 0):
 garbage-first heap   total 98304K, used 36478K [0x0000000080000000, 0x0000000100000000)
  region size 1024K, 23 young (23552K), 5 survivors (5120K)
 Metaspace       used 35036K, capacity 35830K, committed 35840K, reserved 1081344K
  class space    used 4537K, capacity 4864K, committed 4864K, reserved 1048576K
}
Event: 9.927 GC heap after
{Heap after GC invocations=7 (full 0):
 garbage-first heap   total 98304K, used 22526K [0x0000000080000000, 0x0000000100000000)
  region size 1024K, 6 young (6144K), 6 survivors (6144K)
 Metaspace       used 35036K, capacity 35830K, committed 35840K, reserved 1081344K
  class space    used 4537K, capacity 4864K, committed 4864K, reserved 1048576K
}
Event: 12.116 GC heap before
{Heap before GC invocations=8 (full 0):
 garbage-first heap   total 98304K, used 67582K [0x0000000080000000, 0x0000000100000000)
  region size 1024K, 48 young (49152K), 6 survivors (6144K)
 Metaspace       used 38376K, capacity 39259K, committed 39372K, reserved 1083392K
  class space    used 4896K, capacity 5212K, committed 5324K, reserved 1048576K
}
Event: 12.128 GC heap after
{Heap after GC invocations=9 (full 0):
 garbage-first heap   total 98304K, used 26510K [0x0000000080000000, 0x0000000100000000)
  region size 1024K, 6 young (6144K), 6 survivors (6144K)
 Metaspace       used 38376K, capacity 39259K, committed 39372K, reserved 1083392K
  class space    used 4896K, capacity 5212K, committed 5324K, reserved 1048576K
}
Event: 13.626 GC heap before
{Heap before GC invocations=9 (full 0):
 garbage-first heap   total 98304K, used 67470K [0x0000000080000000, 0x0000000100000000)
  region size 1024K, 47 young (48128K), 6 survivors (6144K)
 Metaspace       used 41618K, capacity 42484K, committed 42700K, reserved 1085440K
  class space    used 5366K, capacity 5706K, committed 5836K, reserved 1048576K
}
Event: 13.639 GC heap after
{Heap after GC invocations=10 (full 0):
 garbage-first heap   total 98304K, used 28247K [0x0000000080000000, 0x0000000100000000)
  region size 1024K, 3 young (3072K), 3 survivors (3072K)
 Metaspace       used 41618K, capacity 42484K, committed 42700K, reserved 1085440K
  class space    used 5366K, capacity 5706K, committed 5836K, reserved 1048576K
}
Event: 15.794 GC heap before
{Heap before GC invocations=10 (full 0):
 garbage-first heap   total 98304K, used 71255K [0x0000000080000000, 0x0000000100000000)
  region size 1024K, 44 young (45056K), 3 survivors (3072K)
 Metaspace       used 45401K, capacity 46572K, committed 46796K, reserved 1089536K
  class space    used 5832K, capacity 6260K, committed 6348K, reserved 1048576K
}
Event: 15.799 GC heap after
{Heap after GC invocations=11 (full 0):
 garbage-first heap   total 98304K, used 29670K [0x0000000080000000, 0x0000000100000000)
  region size 1024K, 4 young (4096K), 4 survivors (4096K)
 Metaspace       used 45401K, capacity 46572K, committed 46796K, reserved 1089536K
  class space    used 5832K, capacity 6260K, committed 6348K, reserved 1048576K
}
Event: 18.406 GC heap before
{Heap before GC invocations=11 (full 0):
 garbage-first heap   total 98304K, used 75750K [0x0000000080000000, 0x0000000100000000)
  region size 1024K, 46 young (47104K), 4 survivors (4096K)
 Metaspace       used 47256K, capacity 48491K, committed 48844K, reserved 1091584K
  class space    used 6029K, capacity 6487K, committed 6604K, reserved 1048576K
}
Event: 18.416 GC heap after
{Heap after GC invocations=12 (full 0):
 garbage-first heap   total 98304K, used 38421K [0x0000000080000000, 0x0000000100000000)
  region size 1024K, 6 young (6144K), 6 survivors (6144K)
 Metaspace       used 47256K, capacity 48491K, committed 48844K, reserved 1091584K
  class space    used 6029K, capacity 6487K, committed 6604K, reserved 1048576K
}
Event: 20.161 GC heap before
{Heap before GC invocations=12 (full 0):
 garbage-first heap   total 98304K, used 79381K [0x0000000080000000, 0x0000000100000000)
  region size 1024K, 42 young (43008K), 6 survivors (6144K)
 Metaspace       used 50563K, capacity 51905K, committed 52044K, reserved 1093632K
  class space    used 6438K, capacity 6927K, committed 6988K, reserved 1048576K
}
Event: 20.168 GC heap after
{Heap after GC invocations=13 (full 0):
 garbage-first heap   total 98304K, used 49854K [0x0000000080000000, 0x0000000100000000)
  region size 1024K, 6 young (6144K), 6 survivors (6144K)
 Metaspace       used 50563K, capacity 51905K, committed 52044K, reserved 1093632K
  class space    used 6438K, capacity 6927K, committed 6988K, reserved 1048576K
}
Event: 21.031 GC heap before
{Heap before GC invocations=13 (full 0):
 garbage-first heap   total 98304K, used 78526K [0x0000000080000000, 0x0000000100000000)
  region size 1024K, 34 young (34816K), 6 survivors (6144K)
 Metaspace       used 54853K, capacity 56264K, committed 56396K, reserved 1097728K
  class space    used 6949K, capacity 7463K, committed 7500K, reserved 1048576K
}
Event: 21.036 GC heap after
{Heap after GC invocations=14 (full 0):
 garbage-first heap   total 98304K, used 50712K [0x0000000080000000, 0x0000000100000000)
  region size 1024K, 2 young (2048K), 2 survivors (2048K)
 Metaspace       used 54853K, capacity 56264K, committed 56396K, reserved 1097728K
  class space    used 6949K, capacity 7463K, committed 7500K, reserved 1048576K
}
Event: 21.885 GC heap before
{Heap before GC invocations=14 (full 0):
 garbage-first heap   total 98304K, used 73240K [0x0000000080000000, 0x0000000100000000)
  region size 1024K, 25 young (25600K), 2 survivors (2048K)
 Metaspace       used 58704K, capacity 60154K, committed 60236K, reserved 1101824K
  class space    used 7399K, capacity 7947K, committed 8012K, reserved 1048576K
}
Event: 21.891 GC heap after
{Heap after GC invocations=15 (full 0):
 garbage-first heap   total 98304K, used 51643K [0x0000000080000000, 0x0000000100000000)
  region size 1024K, 3 young (3072K), 3 survivors (3072K)
 Metaspace       used 58704K, capacity 60154K, committed 60236K, reserved 1101824K
  class space    used 7399K, capacity 7947K, committed 8012K, reserved 1048576K
}

