# JRE version: OpenJDK Runtime Environment (11.0.10) (build 11.0.10+0-b96-7249189)
# Java VM: OpenJDK 64-Bit Server VM (11.0.10+0-b96-7249189, mixed mode, tiered, compressed oops, g1 gc, windows-amd64)
Heap:
 garbage-first heap   total 118784K, used 33328K [0x0000000080000000, 0x0000000100000000)
  region size 1024K, 7 young (7168K), 2 survivors (2048K)
 Metaspace       used 42466K, capacity 43447K, committed 43724K, reserved 1087488K
  class space    used 5394K, capacity 5751K, committed 5836K, reserved 1048576K
GC Heap History (18 events):
Event: 1.352 GC heap before
{Heap before GC invocations=0 (full 0):
 garbage-first heap   total 98304K, used 29696K [0x0000000080000000, 0x0000000100000000)
  region size 1024K, 24 young (24576K), 0 survivors (0K)
 Metaspace       used 10195K, capacity 10423K, committed 10624K, reserved 1058816K
  class space    used 1065K, capacity 1141K, committed 1152K, reserved 1048576K
}
Event: 1.366 GC heap after
{Heap after GC invocations=1 (full 0):
 garbage-first heap   total 98304K, used 9049K [0x0000000080000000, 0x0000000100000000)
  region size 1024K, 3 young (3072K), 3 survivors (3072K)
 Metaspace       used 10195K, capacity 10423K, committed 10624K, reserved 1058816K
  class space    used 1065K, capacity 1141K, committed 1152K, reserved 1048576K
}
Event: 2.495 GC heap before
{Heap before GC invocations=1 (full 0):
 garbage-first heap   total 98304K, used 64345K [0x0000000080000000, 0x0000000100000000)
  region size 1024K, 57 young (58368K), 3 survivors (3072K)
 Metaspace       used 13842K, capacity 14227K, committed 14336K, reserved 1062912K
  class space    used 1553K, capacity 1686K, committed 1792K, reserved 1048576K
}
Event: 2.506 GC heap after
{Heap after GC invocations=2 (full 0):
 garbage-first heap   total 98304K, used 14911K [0x0000000080000000, 0x0000000100000000)
  region size 1024K, 8 young (8192K), 8 survivors (8192K)
 Metaspace       used 13842K, capacity 14227K, committed 14336K, reserved 1062912K
  class space    used 1553K, capacity 1686K, committed 1792K, reserved 1048576K
}
Event: 3.720 GC heap before
{Heap before GC invocations=2 (full 0):
 garbage-first heap   total 98304K, used 36415K [0x0000000080000000, 0x0000000100000000)
  region size 1024K, 29 young (29696K), 8 survivors (8192K)
 Metaspace       used 18217K, capacity 18675K, committed 18816K, reserved 1064960K
  class space    used 2177K, capacity 2306K, committed 2432K, reserved 1048576K
}
Event: 3.729 GC heap after
{Heap after GC invocations=3 (full 0):
 garbage-first heap   total 98304K, used 16904K [0x0000000080000000, 0x0000000100000000)
  region size 1024K, 2 young (2048K), 2 survivors (2048K)
 Metaspace       used 18217K, capacity 18675K, committed 18816K, reserved 1064960K
  class space    used 2177K, capacity 2306K, committed 2432K, reserved 1048576K
}
Event: 4.139 GC heap before
{Heap before GC invocations=3 (full 0):
 garbage-first heap   total 98304K, used 35336K [0x0000000080000000, 0x0000000100000000)
  region size 1024K, 21 young (21504K), 2 survivors (2048K)
 Metaspace       used 20534K, capacity 21088K, committed 21248K, reserved 1067008K
  class space    used 2505K, capacity 2690K, committed 2816K, reserved 1048576K
}
Event: 4.143 GC heap after
{Heap after GC invocations=4 (full 0):
 garbage-first heap   total 98304K, used 17365K [0x0000000080000000, 0x0000000100000000)
  region size 1024K, 2 young (2048K), 2 survivors (2048K)
 Metaspace       used 20534K, capacity 21088K, committed 21248K, reserved 1067008K
  class space    used 2505K, capacity 2690K, committed 2816K, reserved 1048576K
}
Event: 5.100 GC heap before
{Heap before GC invocations=5 (full 0):
 garbage-first heap   total 98304K, used 54229K [0x0000000080000000, 0x0000000100000000)
  region size 1024K, 39 young (39936K), 2 survivors (2048K)
 Metaspace       used 24249K, capacity 24886K, committed 25088K, reserved 1071104K
  class space    used 3122K, capacity 3321K, committed 3328K, reserved 1048576K
}
Event: 5.104 GC heap after
{Heap after GC invocations=6 (full 0):
 garbage-first heap   total 98304K, used 18615K [0x0000000080000000, 0x0000000100000000)
  region size 1024K, 4 young (4096K), 4 survivors (4096K)
 Metaspace       used 24249K, capacity 24886K, committed 25088K, reserved 1071104K
  class space    used 3122K, capacity 3321K, committed 3328K, reserved 1048576K
}
Event: 7.040 GC heap before
{Heap before GC invocations=6 (full 0):
 garbage-first heap   total 98304K, used 58551K [0x0000000080000000, 0x0000000100000000)
  region size 1024K, 43 young (44032K), 4 survivors (4096K)
 Metaspace       used 28013K, capacity 28759K, committed 28928K, reserved 1075200K
  class space    used 3723K, capacity 3997K, committed 4096K, reserved 1048576K
}
Event: 7.048 GC heap after
{Heap after GC invocations=7 (full 0):
 garbage-first heap   total 98304K, used 19839K [0x0000000080000000, 0x0000000100000000)
  region size 1024K, 5 young (5120K), 5 survivors (5120K)
 Metaspace       used 28013K, capacity 28759K, committed 28928K, reserved 1075200K
  class space    used 3723K, capacity 3997K, committed 4096K, reserved 1048576K
}
Event: 9.098 GC heap before
{Heap before GC invocations=7 (full 0):
 garbage-first heap   total 98304K, used 51583K [0x0000000080000000, 0x0000000100000000)
  region size 1024K, 38 young (38912K), 5 survivors (5120K)
 Metaspace       used 35024K, capacity 35822K, committed 35840K, reserved 1081344K
  class space    used 4538K, capacity 4864K, committed 4864K, reserved 1048576K
}
Event: 9.112 GC heap after
{Heap after GC invocations=8 (full 0):
 garbage-first heap   total 98304K, used 22738K [0x0000000080000000, 0x0000000100000000)
  region size 1024K, 6 young (6144K), 6 survivors (6144K)
 Metaspace       used 35024K, capacity 35822K, committed 35840K, reserved 1081344K
  class space    used 4538K, capacity 4864K, committed 4864K, reserved 1048576K
}
Event: 10.171 GC heap before
{Heap before GC invocations=9 (full 0):
 garbage-first heap   total 98304K, used 67794K [0x0000000080000000, 0x0000000100000000)
  region size 1024K, 48 young (49152K), 6 survivors (6144K)
 Metaspace       used 38367K, capacity 39251K, committed 39372K, reserved 1083392K
  class space    used 4897K, capacity 5212K, committed 5324K, reserved 1048576K
}
Event: 10.183 GC heap after
{Heap after GC invocations=10 (full 0):
 garbage-first heap   total 98304K, used 26276K [0x0000000080000000, 0x0000000100000000)
  region size 1024K, 6 young (6144K), 6 survivors (6144K)
 Metaspace       used 38367K, capacity 39251K, committed 39372K, reserved 1083392K
  class space    used 4897K, capacity 5212K, committed 5324K, reserved 1048576K
}
Event: 11.057 GC heap before
{Heap before GC invocations=10 (full 0):
 garbage-first heap   total 98304K, used 68260K [0x0000000080000000, 0x0000000100000000)
  region size 1024K, 47 young (48128K), 6 survivors (6144K)
 Metaspace       used 41452K, capacity 42348K, committed 42700K, reserved 1085440K
  class space    used 5361K, capacity 5706K, committed 5836K, reserved 1048576K
}
Event: 11.071 GC heap after
{Heap after GC invocations=11 (full 0):
 garbage-first heap   total 118784K, used 28208K [0x0000000080000000, 0x0000000100000000)
  region size 1024K, 2 young (2048K), 2 survivors (2048K)
 Metaspace       used 41452K, capacity 42348K, committed 42700K, reserved 1085440K
  class space    used 5361K, capacity 5706K, committed 5836K, reserved 1048576K
}

